2025-03-04 12:25:18 -Starting ServiceApplication on LAPTOP-H0PN2NG1 with PID 25264 (F:\JavaProject\im-system\im-service\target\classes started by 张旭阳 in F:\JavaProject\im-system)
2025-03-04 12:25:18 -The following profiles are active: dev
2025-03-04 12:25:20 -Multiple Spring Data modules found, entering strict repository configuration mode!
2025-03-04 12:25:20 -Bootstrapping Spring Data Redis repositories in DEFAULT mode.
2025-03-04 12:25:20 -Finished Spring Data repository scanning in 10ms. Found 0 Redis repository interfaces.
2025-03-04 12:25:20 -Tomcat initialized with port(s): 8000 (http)
2025-03-04 12:25:20 -Initializing ProtocolHandler ["http-nio-8000"]
2025-03-04 12:25:20 -Starting service [Tomcat]
2025-03-04 12:25:20 -Starting Servlet engine: [Apache Tomcat/9.0.37]
2025-03-04 12:25:20 -Initializing Spring embedded WebApplicationContext
2025-03-04 12:25:20 -Root WebApplicationContext: initialization completed in 2190 ms
2025-03-04 12:25:21 -Initializing ExecutorService 'applicationTaskExecutor'
2025-03-04 12:25:22 -Starting ProtocolHandler ["http-nio-8000"]
2025-03-04 12:25:22 -Tomcat started on port(s): 8000 (http) with context path ''
2025-03-04 12:25:22 -Started ServiceApplication in 4.704 seconds (JVM running for 5.777)
2025-03-04 12:25:33 -Shutting down ExecutorService 'applicationTaskExecutor'
2025-03-04 12:25:36 -Starting ServiceApplication on LAPTOP-H0PN2NG1 with PID 30232 (F:\JavaProject\im-system\im-service\target\classes started by 张旭阳 in F:\JavaProject\im-system)
2025-03-04 12:25:36 -The following profiles are active: dev
2025-03-04 12:25:36 -Multiple Spring Data modules found, entering strict repository configuration mode!
2025-03-04 12:25:37 -Bootstrapping Spring Data Redis repositories in DEFAULT mode.
2025-03-04 12:25:37 -Finished Spring Data repository scanning in 12ms. Found 0 Redis repository interfaces.
2025-03-04 12:25:37 -Tomcat initialized with port(s): 8000 (http)
2025-03-04 12:25:37 -Initializing ProtocolHandler ["http-nio-8000"]
2025-03-04 12:25:37 -Starting service [Tomcat]
2025-03-04 12:25:37 -Starting Servlet engine: [Apache Tomcat/9.0.37]
2025-03-04 12:25:37 -Initializing Spring embedded WebApplicationContext
2025-03-04 12:25:37 -Root WebApplicationContext: initialization completed in 1161 ms
2025-03-04 12:25:38 -Initializing ExecutorService 'applicationTaskExecutor'
2025-03-04 12:25:38 -Starting ProtocolHandler ["http-nio-8000"]
2025-03-04 12:25:38 -Tomcat started on port(s): 8000 (http) with context path ''
2025-03-04 12:25:38 -Started ServiceApplication in 2.942 seconds (JVM running for 3.555)
2025-03-04 12:47:33 -Shutting down ExecutorService 'applicationTaskExecutor'
