2025-02-25 18:52:57 -Starting ServiceApplication on LAPTOP-H0PN2NG1 with PID 27848 (F:\JavaProject\im-system\im-service\target\classes started by 张旭阳 in F:\JavaProject\im-system)
2025-02-25 18:52:57 -The following profiles are active: dev
2025-02-25 18:52:58 -Multiple Spring Data modules found, entering strict repository configuration mode!
2025-02-25 18:52:58 -Bootstrapping Spring Data Redis repositories in DEFAULT mode.
2025-02-25 18:52:58 -Finished Spring Data repository scanning in 7ms. Found 0 Redis repository interfaces.
2025-02-25 18:52:58 -Tomcat initialized with port(s): 8000 (http)
2025-02-25 18:52:58 -Initializing ProtocolHandler ["http-nio-8000"]
2025-02-25 18:52:58 -Starting service [Tomcat]
2025-02-25 18:52:58 -Starting Servlet engine: [Apache Tomcat/9.0.37]
2025-02-25 18:52:58 -Initializing Spring embedded WebApplicationContext
2025-02-25 18:52:58 -Root WebApplicationContext: initialization completed in 1142 ms
2025-02-25 18:52:59 -Initializing ExecutorService 'applicationTaskExecutor'
2025-02-25 18:52:59 -Starting ProtocolHandler ["http-nio-8000"]
2025-02-25 18:53:00 -Tomcat started on port(s): 8000 (http) with context path ''
2025-02-25 18:53:00 -Started ServiceApplication in 3.063 seconds (JVM running for 4.023)
2025-02-25 18:54:33 -Initializing Spring DispatcherServlet 'dispatcherServlet'
2025-02-25 18:54:33 -Initializing Servlet 'dispatcherServlet'
2025-02-25 18:54:33 -Completed initialization in 6 ms
2025-02-25 18:54:33 -HikariPool-1 - Starting...
2025-02-25 18:54:33 -HikariPool-1 - Start completed.
2025-02-25 18:57:36 -Shutting down ExecutorService 'applicationTaskExecutor'
2025-02-25 18:57:36 -HikariPool-1 - Shutdown initiated...
2025-02-25 18:57:36 -HikariPool-1 - Shutdown completed.
