2025-02-27 19:06:43 -Starting ServiceApplication on LAPTOP-H0PN2NG1 with PID 13404 (F:\JavaProject\im-system\im-service\target\classes started by 张旭阳 in F:\JavaProject\im-system)
2025-02-27 19:06:43 -The following profiles are active: dev
2025-02-27 19:06:44 -Multiple Spring Data modules found, entering strict repository configuration mode!
2025-02-27 19:06:44 -Bootstrapping Spring Data Redis repositories in DEFAULT mode.
2025-02-27 19:06:44 -Finished Spring Data repository scanning in 8ms. Found 0 Redis repository interfaces.
2025-02-27 19:06:45 -Tomcat initialized with port(s): 8000 (http)
2025-02-27 19:06:45 -Initializing ProtocolHandler ["http-nio-8000"]
2025-02-27 19:06:45 -Starting service [Tomcat]
2025-02-27 19:06:45 -Starting Servlet engine: [Apache Tomcat/9.0.37]
2025-02-27 19:06:45 -Initializing Spring embedded WebApplicationContext
2025-02-27 19:06:45 -Root WebApplicationContext: initialization completed in 1539 ms
2025-02-27 19:06:46 -Initializing ExecutorService 'applicationTaskExecutor'
2025-02-27 19:06:46 -Starting ProtocolHandler ["http-nio-8000"]
2025-02-27 19:06:46 -Tomcat started on port(s): 8000 (http) with context path ''
2025-02-27 19:06:46 -Started ServiceApplication in 3.461 seconds (JVM running for 4.372)
2025-02-27 19:09:41 -Initializing Spring DispatcherServlet 'dispatcherServlet'
2025-02-27 19:09:41 -Initializing Servlet 'dispatcherServlet'
2025-02-27 19:09:41 -Completed initialization in 4 ms
2025-02-27 19:09:41 -HikariPool-1 - Starting...
2025-02-27 19:09:41 -HikariPool-1 - Start completed.
2025-02-27 19:13:19 -Shutting down ExecutorService 'applicationTaskExecutor'
2025-02-27 19:13:19 -HikariPool-1 - Shutdown initiated...
2025-02-27 19:13:19 -HikariPool-1 - Shutdown completed.
2025-02-27 19:13:24 -Starting ServiceApplication on LAPTOP-H0PN2NG1 with PID 32644 (F:\JavaProject\im-system\im-service\target\classes started by 张旭阳 in F:\JavaProject\im-system)
2025-02-27 19:13:24 -The following profiles are active: dev
2025-02-27 19:13:25 -Multiple Spring Data modules found, entering strict repository configuration mode!
2025-02-27 19:13:25 -Bootstrapping Spring Data Redis repositories in DEFAULT mode.
2025-02-27 19:13:25 -Finished Spring Data repository scanning in 6ms. Found 0 Redis repository interfaces.
2025-02-27 19:13:25 -Tomcat initialized with port(s): 8000 (http)
2025-02-27 19:13:25 -Initializing ProtocolHandler ["http-nio-8000"]
2025-02-27 19:13:25 -Starting service [Tomcat]
2025-02-27 19:13:25 -Starting Servlet engine: [Apache Tomcat/9.0.37]
2025-02-27 19:13:25 -Initializing Spring embedded WebApplicationContext
2025-02-27 19:13:25 -Root WebApplicationContext: initialization completed in 877 ms
2025-02-27 19:13:26 -Initializing ExecutorService 'applicationTaskExecutor'
2025-02-27 19:13:27 -Starting ProtocolHandler ["http-nio-8000"]
2025-02-27 19:13:27 -Tomcat started on port(s): 8000 (http) with context path ''
2025-02-27 19:13:27 -Started ServiceApplication in 2.7 seconds (JVM running for 3.311)
2025-02-27 19:13:57 -Shutting down ExecutorService 'applicationTaskExecutor'
2025-02-27 19:14:01 -Starting ServiceApplication on LAPTOP-H0PN2NG1 with PID 29616 (F:\JavaProject\im-system\im-service\target\classes started by 张旭阳 in F:\JavaProject\im-system)
2025-02-27 19:14:01 -The following profiles are active: dev
2025-02-27 19:14:02 -Multiple Spring Data modules found, entering strict repository configuration mode!
2025-02-27 19:14:02 -Bootstrapping Spring Data Redis repositories in DEFAULT mode.
2025-02-27 19:14:02 -Finished Spring Data repository scanning in 6ms. Found 0 Redis repository interfaces.
2025-02-27 19:14:02 -Tomcat initialized with port(s): 8000 (http)
2025-02-27 19:14:02 -Initializing ProtocolHandler ["http-nio-8000"]
2025-02-27 19:14:02 -Starting service [Tomcat]
2025-02-27 19:14:02 -Starting Servlet engine: [Apache Tomcat/9.0.37]
2025-02-27 19:14:02 -Initializing Spring embedded WebApplicationContext
2025-02-27 19:14:02 -Root WebApplicationContext: initialization completed in 887 ms
2025-02-27 19:14:03 -Initializing ExecutorService 'applicationTaskExecutor'
2025-02-27 19:14:04 -Starting ProtocolHandler ["http-nio-8000"]
2025-02-27 19:14:04 -Tomcat started on port(s): 8000 (http) with context path ''
2025-02-27 19:14:04 -Started ServiceApplication in 2.71 seconds (JVM running for 3.334)
2025-02-27 19:15:15 -Shutting down ExecutorService 'applicationTaskExecutor'
2025-02-27 19:15:20 -Starting ServiceApplication on LAPTOP-H0PN2NG1 with PID 14192 (F:\JavaProject\im-system\im-service\target\classes started by 张旭阳 in F:\JavaProject\im-system)
2025-02-27 19:15:20 -The following profiles are active: dev
2025-02-27 19:15:20 -Multiple Spring Data modules found, entering strict repository configuration mode!
2025-02-27 19:15:20 -Bootstrapping Spring Data Redis repositories in DEFAULT mode.
2025-02-27 19:15:20 -Finished Spring Data repository scanning in 19ms. Found 0 Redis repository interfaces.
2025-02-27 19:15:21 -Tomcat initialized with port(s): 8000 (http)
2025-02-27 19:15:21 -Initializing ProtocolHandler ["http-nio-8000"]
2025-02-27 19:15:21 -Starting service [Tomcat]
2025-02-27 19:15:21 -Starting Servlet engine: [Apache Tomcat/9.0.37]
2025-02-27 19:15:21 -Initializing Spring embedded WebApplicationContext
2025-02-27 19:15:21 -Root WebApplicationContext: initialization completed in 853 ms
2025-02-27 19:15:22 -Initializing ExecutorService 'applicationTaskExecutor'
2025-02-27 19:15:22 -Starting ProtocolHandler ["http-nio-8000"]
2025-02-27 19:15:22 -Tomcat started on port(s): 8000 (http) with context path ''
2025-02-27 19:15:22 -Started ServiceApplication in 2.663 seconds (JVM running for 3.336)
2025-02-27 19:17:06 -Shutting down ExecutorService 'applicationTaskExecutor'
2025-02-27 19:17:10 -Starting ServiceApplication on LAPTOP-H0PN2NG1 with PID 37860 (F:\JavaProject\im-system\im-service\target\classes started by 张旭阳 in F:\JavaProject\im-system)
2025-02-27 19:17:10 -The following profiles are active: dev
2025-02-27 19:17:11 -Multiple Spring Data modules found, entering strict repository configuration mode!
2025-02-27 19:17:11 -Bootstrapping Spring Data Redis repositories in DEFAULT mode.
2025-02-27 19:17:11 -Finished Spring Data repository scanning in 7ms. Found 0 Redis repository interfaces.
2025-02-27 19:17:11 -Tomcat initialized with port(s): 8000 (http)
2025-02-27 19:17:11 -Initializing ProtocolHandler ["http-nio-8000"]
2025-02-27 19:17:11 -Starting service [Tomcat]
2025-02-27 19:17:11 -Starting Servlet engine: [Apache Tomcat/9.0.37]
2025-02-27 19:17:11 -Initializing Spring embedded WebApplicationContext
2025-02-27 19:17:11 -Root WebApplicationContext: initialization completed in 864 ms
2025-02-27 19:17:12 -Initializing ExecutorService 'applicationTaskExecutor'
2025-02-27 19:17:12 -Starting ProtocolHandler ["http-nio-8000"]
2025-02-27 19:17:12 -Tomcat started on port(s): 8000 (http) with context path ''
2025-02-27 19:17:12 -Started ServiceApplication in 2.525 seconds (JVM running for 3.106)
2025-02-27 19:17:16 -Initializing Spring DispatcherServlet 'dispatcherServlet'
2025-02-27 19:17:16 -Initializing Servlet 'dispatcherServlet'
2025-02-27 19:17:16 -Completed initialization in 4 ms
2025-02-27 19:17:16 -HikariPool-1 - Starting...
2025-02-27 19:17:16 -HikariPool-1 - Start completed.
2025-02-27 19:37:48 -Shutting down ExecutorService 'applicationTaskExecutor'
2025-02-27 19:37:48 -HikariPool-1 - Shutdown initiated...
2025-02-27 19:37:48 -HikariPool-1 - Shutdown completed.
2025-02-27 19:37:53 -Starting ServiceApplication on LAPTOP-H0PN2NG1 with PID 9864 (F:\JavaProject\im-system\im-service\target\classes started by 张旭阳 in F:\JavaProject\im-system)
2025-02-27 19:37:53 -The following profiles are active: dev
2025-02-27 19:37:53 -Multiple Spring Data modules found, entering strict repository configuration mode!
2025-02-27 19:37:53 -Bootstrapping Spring Data Redis repositories in DEFAULT mode.
2025-02-27 19:37:53 -Finished Spring Data repository scanning in 8ms. Found 0 Redis repository interfaces.
2025-02-27 19:37:53 -Tomcat initialized with port(s): 8000 (http)
2025-02-27 19:37:53 -Initializing ProtocolHandler ["http-nio-8000"]
2025-02-27 19:37:53 -Starting service [Tomcat]
2025-02-27 19:37:53 -Starting Servlet engine: [Apache Tomcat/9.0.37]
2025-02-27 19:37:53 -Initializing Spring embedded WebApplicationContext
2025-02-27 19:37:53 -Root WebApplicationContext: initialization completed in 877 ms
2025-02-27 19:37:54 -Initializing ExecutorService 'applicationTaskExecutor'
2025-02-27 19:37:55 -Starting ProtocolHandler ["http-nio-8000"]
2025-02-27 19:37:55 -Tomcat started on port(s): 8000 (http) with context path ''
2025-02-27 19:37:55 -Started ServiceApplication in 2.585 seconds (JVM running for 3.156)
2025-02-27 19:37:57 -Initializing Spring DispatcherServlet 'dispatcherServlet'
2025-02-27 19:37:57 -Initializing Servlet 'dispatcherServlet'
2025-02-27 19:37:57 -Completed initialization in 4 ms
2025-02-27 19:37:57 -HikariPool-1 - Starting...
2025-02-27 19:37:57 -HikariPool-1 - Start completed.
2025-02-27 19:38:29 -Shutting down ExecutorService 'applicationTaskExecutor'
2025-02-27 19:38:29 -HikariPool-1 - Shutdown initiated...
2025-02-27 19:38:29 -HikariPool-1 - Shutdown completed.
2025-02-27 19:38:34 -Starting ServiceApplication on LAPTOP-H0PN2NG1 with PID 33504 (F:\JavaProject\im-system\im-service\target\classes started by 张旭阳 in F:\JavaProject\im-system)
2025-02-27 19:38:34 -The following profiles are active: dev
2025-02-27 19:38:34 -Multiple Spring Data modules found, entering strict repository configuration mode!
2025-02-27 19:38:34 -Bootstrapping Spring Data Redis repositories in DEFAULT mode.
2025-02-27 19:38:34 -Finished Spring Data repository scanning in 8ms. Found 0 Redis repository interfaces.
2025-02-27 19:38:34 -Tomcat initialized with port(s): 8000 (http)
2025-02-27 19:38:34 -Initializing ProtocolHandler ["http-nio-8000"]
2025-02-27 19:38:34 -Starting service [Tomcat]
2025-02-27 19:38:34 -Starting Servlet engine: [Apache Tomcat/9.0.37]
2025-02-27 19:38:34 -Initializing Spring embedded WebApplicationContext
2025-02-27 19:38:34 -Root WebApplicationContext: initialization completed in 816 ms
2025-02-27 19:38:35 -Initializing ExecutorService 'applicationTaskExecutor'
2025-02-27 19:38:36 -Starting ProtocolHandler ["http-nio-8000"]
2025-02-27 19:38:36 -Tomcat started on port(s): 8000 (http) with context path ''
2025-02-27 19:38:36 -Started ServiceApplication in 2.608 seconds (JVM running for 3.184)
2025-02-27 19:38:37 -Initializing Spring DispatcherServlet 'dispatcherServlet'
2025-02-27 19:38:37 -Initializing Servlet 'dispatcherServlet'
2025-02-27 19:38:37 -Completed initialization in 5 ms
2025-02-27 19:38:37 -HikariPool-1 - Starting...
2025-02-27 19:38:37 -HikariPool-1 - Start completed.
2025-02-27 19:39:35 -Shutting down ExecutorService 'applicationTaskExecutor'
2025-02-27 19:39:35 -HikariPool-1 - Shutdown initiated...
2025-02-27 19:39:35 -HikariPool-1 - Shutdown completed.
2025-02-27 19:39:40 -Starting ServiceApplication on LAPTOP-H0PN2NG1 with PID 3576 (F:\JavaProject\im-system\im-service\target\classes started by 张旭阳 in F:\JavaProject\im-system)
2025-02-27 19:39:40 -The following profiles are active: dev
2025-02-27 19:39:40 -Multiple Spring Data modules found, entering strict repository configuration mode!
2025-02-27 19:39:40 -Bootstrapping Spring Data Redis repositories in DEFAULT mode.
2025-02-27 19:39:40 -Finished Spring Data repository scanning in 10ms. Found 0 Redis repository interfaces.
2025-02-27 19:39:41 -Tomcat initialized with port(s): 8000 (http)
2025-02-27 19:39:41 -Initializing ProtocolHandler ["http-nio-8000"]
2025-02-27 19:39:41 -Starting service [Tomcat]
2025-02-27 19:39:41 -Starting Servlet engine: [Apache Tomcat/9.0.37]
2025-02-27 19:39:41 -Initializing Spring embedded WebApplicationContext
2025-02-27 19:39:41 -Root WebApplicationContext: initialization completed in 852 ms
2025-02-27 19:39:42 -Initializing ExecutorService 'applicationTaskExecutor'
2025-02-27 19:39:42 -Starting ProtocolHandler ["http-nio-8000"]
2025-02-27 19:39:42 -Tomcat started on port(s): 8000 (http) with context path ''
2025-02-27 19:39:42 -Started ServiceApplication in 2.806 seconds (JVM running for 3.414)
2025-02-27 19:39:44 -Initializing Spring DispatcherServlet 'dispatcherServlet'
2025-02-27 19:39:44 -Initializing Servlet 'dispatcherServlet'
2025-02-27 19:39:44 -Completed initialization in 6 ms
2025-02-27 19:39:45 -HikariPool-1 - Starting...
2025-02-27 19:39:45 -HikariPool-1 - Start completed.
2025-02-27 19:39:54 -Shutting down ExecutorService 'applicationTaskExecutor'
2025-02-27 19:39:54 -HikariPool-1 - Shutdown initiated...
2025-02-27 19:39:54 -HikariPool-1 - Shutdown completed.
2025-02-27 19:39:59 -Starting ServiceApplication on LAPTOP-H0PN2NG1 with PID 17372 (F:\JavaProject\im-system\im-service\target\classes started by 张旭阳 in F:\JavaProject\im-system)
2025-02-27 19:39:59 -The following profiles are active: dev
2025-02-27 19:39:59 -Multiple Spring Data modules found, entering strict repository configuration mode!
2025-02-27 19:39:59 -Bootstrapping Spring Data Redis repositories in DEFAULT mode.
2025-02-27 19:39:59 -Finished Spring Data repository scanning in 7ms. Found 0 Redis repository interfaces.
2025-02-27 19:40:00 -Tomcat initialized with port(s): 8000 (http)
2025-02-27 19:40:00 -Initializing ProtocolHandler ["http-nio-8000"]
2025-02-27 19:40:00 -Starting service [Tomcat]
2025-02-27 19:40:00 -Starting Servlet engine: [Apache Tomcat/9.0.37]
2025-02-27 19:40:00 -Initializing Spring embedded WebApplicationContext
2025-02-27 19:40:00 -Root WebApplicationContext: initialization completed in 889 ms
2025-02-27 19:40:01 -Initializing ExecutorService 'applicationTaskExecutor'
2025-02-27 19:40:01 -Starting ProtocolHandler ["http-nio-8000"]
2025-02-27 19:40:01 -Tomcat started on port(s): 8000 (http) with context path ''
2025-02-27 19:40:01 -Started ServiceApplication in 2.593 seconds (JVM running for 3.227)
2025-02-27 19:40:03 -Initializing Spring DispatcherServlet 'dispatcherServlet'
2025-02-27 19:40:03 -Initializing Servlet 'dispatcherServlet'
2025-02-27 19:40:03 -Completed initialization in 3 ms
2025-02-27 19:40:03 -HikariPool-1 - Starting...
2025-02-27 19:40:03 -HikariPool-1 - Start completed.
2025-02-27 19:58:31 -Shutting down ExecutorService 'applicationTaskExecutor'
2025-02-27 19:58:31 -HikariPool-1 - Shutdown initiated...
2025-02-27 19:58:31 -HikariPool-1 - Shutdown completed.
2025-02-27 19:58:37 -Starting ServiceApplication on LAPTOP-H0PN2NG1 with PID 31264 (F:\JavaProject\im-system\im-service\target\classes started by 张旭阳 in F:\JavaProject\im-system)
2025-02-27 19:58:37 -The following profiles are active: dev
2025-02-27 19:58:37 -Multiple Spring Data modules found, entering strict repository configuration mode!
2025-02-27 19:58:37 -Bootstrapping Spring Data Redis repositories in DEFAULT mode.
2025-02-27 19:58:37 -Finished Spring Data repository scanning in 6ms. Found 0 Redis repository interfaces.
2025-02-27 19:58:37 -Tomcat initialized with port(s): 8000 (http)
2025-02-27 19:58:37 -Initializing ProtocolHandler ["http-nio-8000"]
2025-02-27 19:58:37 -Starting service [Tomcat]
2025-02-27 19:58:37 -Starting Servlet engine: [Apache Tomcat/9.0.37]
2025-02-27 19:58:37 -Initializing Spring embedded WebApplicationContext
2025-02-27 19:58:37 -Root WebApplicationContext: initialization completed in 871 ms
2025-02-27 19:58:38 -Initializing ExecutorService 'applicationTaskExecutor'
2025-02-27 19:58:39 -Starting ProtocolHandler ["http-nio-8000"]
2025-02-27 19:58:39 -Tomcat started on port(s): 8000 (http) with context path ''
2025-02-27 19:58:39 -Started ServiceApplication in 2.649 seconds (JVM running for 3.246)
2025-02-27 19:58:41 -Initializing Spring DispatcherServlet 'dispatcherServlet'
2025-02-27 19:58:41 -Initializing Servlet 'dispatcherServlet'
2025-02-27 19:58:41 -Completed initialization in 3 ms
2025-02-27 19:59:50 -HikariPool-1 - Starting...
2025-02-27 19:59:50 -HikariPool-1 - Start completed.
2025-02-27 20:01:22 -Shutting down ExecutorService 'applicationTaskExecutor'
2025-02-27 20:01:22 -HikariPool-1 - Shutdown initiated...
2025-02-27 20:01:22 -HikariPool-1 - Shutdown completed.
2025-02-27 20:01:25 -Starting ServiceApplication on LAPTOP-H0PN2NG1 with PID 15472 (F:\JavaProject\im-system\im-service\target\classes started by 张旭阳 in F:\JavaProject\im-system)
2025-02-27 20:01:25 -The following profiles are active: dev
2025-02-27 20:01:26 -Multiple Spring Data modules found, entering strict repository configuration mode!
2025-02-27 20:01:26 -Bootstrapping Spring Data Redis repositories in DEFAULT mode.
2025-02-27 20:01:26 -Finished Spring Data repository scanning in 8ms. Found 0 Redis repository interfaces.
2025-02-27 20:01:26 -Tomcat initialized with port(s): 8000 (http)
2025-02-27 20:01:26 -Initializing ProtocolHandler ["http-nio-8000"]
2025-02-27 20:01:26 -Starting service [Tomcat]
2025-02-27 20:01:26 -Starting Servlet engine: [Apache Tomcat/9.0.37]
2025-02-27 20:01:26 -Initializing Spring embedded WebApplicationContext
2025-02-27 20:01:26 -Root WebApplicationContext: initialization completed in 952 ms
2025-02-27 20:01:27 -Initializing ExecutorService 'applicationTaskExecutor'
2025-02-27 20:01:28 -Starting ProtocolHandler ["http-nio-8000"]
2025-02-27 20:01:28 -Tomcat started on port(s): 8000 (http) with context path ''
2025-02-27 20:01:28 -Started ServiceApplication in 2.935 seconds (JVM running for 4.214)
2025-02-27 20:01:30 -Initializing Spring DispatcherServlet 'dispatcherServlet'
2025-02-27 20:01:30 -Initializing Servlet 'dispatcherServlet'
2025-02-27 20:01:30 -Completed initialization in 5 ms
2025-02-27 20:01:33 -HikariPool-1 - Starting...
2025-02-27 20:01:34 -HikariPool-1 - Start completed.
2025-02-27 20:02:22 -Shutting down ExecutorService 'applicationTaskExecutor'
2025-02-27 20:02:22 -HikariPool-1 - Shutdown initiated...
2025-02-27 20:02:22 -HikariPool-1 - Shutdown completed.
2025-02-27 20:02:27 -Starting ServiceApplication on LAPTOP-H0PN2NG1 with PID 24888 (F:\JavaProject\im-system\im-service\target\classes started by 张旭阳 in F:\JavaProject\im-system)
2025-02-27 20:02:27 -The following profiles are active: dev
2025-02-27 20:02:28 -Multiple Spring Data modules found, entering strict repository configuration mode!
2025-02-27 20:02:28 -Bootstrapping Spring Data Redis repositories in DEFAULT mode.
2025-02-27 20:02:28 -Finished Spring Data repository scanning in 7ms. Found 0 Redis repository interfaces.
2025-02-27 20:02:28 -Tomcat initialized with port(s): 8000 (http)
2025-02-27 20:02:28 -Initializing ProtocolHandler ["http-nio-8000"]
2025-02-27 20:02:28 -Starting service [Tomcat]
2025-02-27 20:02:28 -Starting Servlet engine: [Apache Tomcat/9.0.37]
2025-02-27 20:02:28 -Initializing Spring embedded WebApplicationContext
2025-02-27 20:02:28 -Root WebApplicationContext: initialization completed in 945 ms
2025-02-27 20:02:29 -Initializing ExecutorService 'applicationTaskExecutor'
2025-02-27 20:02:30 -Starting ProtocolHandler ["http-nio-8000"]
2025-02-27 20:02:30 -Tomcat started on port(s): 8000 (http) with context path ''
2025-02-27 20:02:30 -Started ServiceApplication in 2.989 seconds (JVM running for 3.746)
2025-02-27 20:02:32 -Initializing Spring DispatcherServlet 'dispatcherServlet'
2025-02-27 20:02:32 -Initializing Servlet 'dispatcherServlet'
2025-02-27 20:02:32 -Completed initialization in 6 ms
2025-02-27 20:02:34 -HikariPool-1 - Starting...
2025-02-27 20:02:34 -HikariPool-1 - Start completed.
2025-02-27 20:02:40 -Shutting down ExecutorService 'applicationTaskExecutor'
2025-02-27 20:02:40 -HikariPool-1 - Shutdown initiated...
2025-02-27 20:02:40 -HikariPool-1 - Shutdown completed.
2025-02-27 20:02:43 -Starting ServiceApplication on LAPTOP-H0PN2NG1 with PID 34448 (F:\JavaProject\im-system\im-service\target\classes started by 张旭阳 in F:\JavaProject\im-system)
2025-02-27 20:02:43 -The following profiles are active: dev
2025-02-27 20:02:43 -Multiple Spring Data modules found, entering strict repository configuration mode!
2025-02-27 20:02:43 -Bootstrapping Spring Data Redis repositories in DEFAULT mode.
2025-02-27 20:02:43 -Finished Spring Data repository scanning in 7ms. Found 0 Redis repository interfaces.
2025-02-27 20:02:44 -Tomcat initialized with port(s): 8000 (http)
2025-02-27 20:02:44 -Initializing ProtocolHandler ["http-nio-8000"]
2025-02-27 20:02:44 -Starting service [Tomcat]
2025-02-27 20:02:44 -Starting Servlet engine: [Apache Tomcat/9.0.37]
2025-02-27 20:02:44 -Initializing Spring embedded WebApplicationContext
2025-02-27 20:02:44 -Root WebApplicationContext: initialization completed in 787 ms
2025-02-27 20:02:44 -Initializing ExecutorService 'applicationTaskExecutor'
2025-02-27 20:02:45 -Starting ProtocolHandler ["http-nio-8000"]
2025-02-27 20:02:45 -Tomcat started on port(s): 8000 (http) with context path ''
2025-02-27 20:02:45 -Started ServiceApplication in 2.528 seconds (JVM running for 3.152)
2025-02-27 20:02:49 -Initializing Spring DispatcherServlet 'dispatcherServlet'
2025-02-27 20:02:49 -Initializing Servlet 'dispatcherServlet'
2025-02-27 20:02:49 -Completed initialization in 5 ms
2025-02-27 20:02:49 -HikariPool-1 - Starting...
2025-02-27 20:02:49 -HikariPool-1 - Start completed.
2025-02-27 20:03:26 -Shutting down ExecutorService 'applicationTaskExecutor'
2025-02-27 20:03:26 -HikariPool-1 - Shutdown initiated...
2025-02-27 20:03:26 -HikariPool-1 - Shutdown completed.
2025-02-27 20:03:30 -Starting ServiceApplication on LAPTOP-H0PN2NG1 with PID 32720 (F:\JavaProject\im-system\im-service\target\classes started by 张旭阳 in F:\JavaProject\im-system)
2025-02-27 20:03:30 -The following profiles are active: dev
2025-02-27 20:03:31 -Multiple Spring Data modules found, entering strict repository configuration mode!
2025-02-27 20:03:31 -Bootstrapping Spring Data Redis repositories in DEFAULT mode.
2025-02-27 20:03:31 -Finished Spring Data repository scanning in 6ms. Found 0 Redis repository interfaces.
2025-02-27 20:03:31 -Tomcat initialized with port(s): 8000 (http)
2025-02-27 20:03:31 -Initializing ProtocolHandler ["http-nio-8000"]
2025-02-27 20:03:31 -Starting service [Tomcat]
2025-02-27 20:03:31 -Starting Servlet engine: [Apache Tomcat/9.0.37]
2025-02-27 20:03:31 -Initializing Spring embedded WebApplicationContext
2025-02-27 20:03:31 -Root WebApplicationContext: initialization completed in 938 ms
2025-02-27 20:03:32 -Initializing ExecutorService 'applicationTaskExecutor'
2025-02-27 20:03:33 -Starting ProtocolHandler ["http-nio-8000"]
2025-02-27 20:03:33 -Tomcat started on port(s): 8000 (http) with context path ''
2025-02-27 20:03:33 -Started ServiceApplication in 2.806 seconds (JVM running for 3.472)
2025-02-27 20:04:00 -Shutting down ExecutorService 'applicationTaskExecutor'
2025-02-27 20:04:31 -Starting ServiceApplication on LAPTOP-H0PN2NG1 with PID 37300 (F:\JavaProject\im-system\im-service\target\classes started by 张旭阳 in F:\JavaProject\im-system)
2025-02-27 20:04:31 -The following profiles are active: dev
2025-02-27 20:04:31 -Multiple Spring Data modules found, entering strict repository configuration mode!
2025-02-27 20:04:31 -Bootstrapping Spring Data Redis repositories in DEFAULT mode.
2025-02-27 20:04:31 -Finished Spring Data repository scanning in 6ms. Found 0 Redis repository interfaces.
2025-02-27 20:04:32 -Tomcat initialized with port(s): 8000 (http)
2025-02-27 20:04:32 -Initializing ProtocolHandler ["http-nio-8000"]
2025-02-27 20:04:32 -Starting service [Tomcat]
2025-02-27 20:04:32 -Starting Servlet engine: [Apache Tomcat/9.0.37]
2025-02-27 20:04:32 -Initializing Spring embedded WebApplicationContext
2025-02-27 20:04:32 -Root WebApplicationContext: initialization completed in 835 ms
2025-02-27 20:04:33 -Initializing ExecutorService 'applicationTaskExecutor'
2025-02-27 20:04:33 -Starting ProtocolHandler ["http-nio-8000"]
2025-02-27 20:04:33 -Tomcat started on port(s): 8000 (http) with context path ''
2025-02-27 20:04:33 -Started ServiceApplication in 2.486 seconds (JVM running for 3.07)
2025-02-27 20:04:45 -Shutting down ExecutorService 'applicationTaskExecutor'
2025-02-27 20:05:00 -Starting ServiceApplication on LAPTOP-H0PN2NG1 with PID 6748 (F:\JavaProject\im-system\im-service\target\classes started by 张旭阳 in F:\JavaProject\im-system)
2025-02-27 20:05:00 -The following profiles are active: dev
2025-02-27 20:05:01 -Multiple Spring Data modules found, entering strict repository configuration mode!
2025-02-27 20:05:01 -Bootstrapping Spring Data Redis repositories in DEFAULT mode.
2025-02-27 20:05:01 -Finished Spring Data repository scanning in 6ms. Found 0 Redis repository interfaces.
2025-02-27 20:05:01 -Tomcat initialized with port(s): 8000 (http)
2025-02-27 20:05:01 -Initializing ProtocolHandler ["http-nio-8000"]
2025-02-27 20:05:01 -Starting service [Tomcat]
2025-02-27 20:05:01 -Starting Servlet engine: [Apache Tomcat/9.0.37]
2025-02-27 20:05:01 -Initializing Spring embedded WebApplicationContext
2025-02-27 20:05:01 -Root WebApplicationContext: initialization completed in 806 ms
2025-02-27 20:05:02 -Initializing ExecutorService 'applicationTaskExecutor'
2025-02-27 20:05:03 -Starting ProtocolHandler ["http-nio-8000"]
2025-02-27 20:05:03 -Tomcat started on port(s): 8000 (http) with context path ''
2025-02-27 20:05:03 -Started ServiceApplication in 2.516 seconds (JVM running for 3.125)
2025-02-27 20:05:05 -Initializing Spring DispatcherServlet 'dispatcherServlet'
2025-02-27 20:05:05 -Initializing Servlet 'dispatcherServlet'
2025-02-27 20:05:05 -Completed initialization in 4 ms
2025-02-27 20:05:05 -HikariPool-1 - Starting...
2025-02-27 20:05:05 -HikariPool-1 - Start completed.
2025-02-27 20:05:14 -Shutting down ExecutorService 'applicationTaskExecutor'
2025-02-27 20:05:14 -HikariPool-1 - Shutdown initiated...
2025-02-27 20:05:14 -HikariPool-1 - Shutdown completed.
2025-02-27 20:05:19 -Starting ServiceApplication on LAPTOP-H0PN2NG1 with PID 23396 (F:\JavaProject\im-system\im-service\target\classes started by 张旭阳 in F:\JavaProject\im-system)
2025-02-27 20:05:19 -The following profiles are active: dev
2025-02-27 20:05:19 -Multiple Spring Data modules found, entering strict repository configuration mode!
2025-02-27 20:05:19 -Bootstrapping Spring Data Redis repositories in DEFAULT mode.
2025-02-27 20:05:19 -Finished Spring Data repository scanning in 6ms. Found 0 Redis repository interfaces.
2025-02-27 20:05:20 -Tomcat initialized with port(s): 8000 (http)
2025-02-27 20:05:20 -Initializing ProtocolHandler ["http-nio-8000"]
2025-02-27 20:05:20 -Starting service [Tomcat]
2025-02-27 20:05:20 -Starting Servlet engine: [Apache Tomcat/9.0.37]
2025-02-27 20:05:20 -Initializing Spring embedded WebApplicationContext
2025-02-27 20:05:20 -Root WebApplicationContext: initialization completed in 796 ms
2025-02-27 20:05:20 -Initializing ExecutorService 'applicationTaskExecutor'
2025-02-27 20:05:21 -Starting ProtocolHandler ["http-nio-8000"]
2025-02-27 20:05:21 -Tomcat started on port(s): 8000 (http) with context path ''
2025-02-27 20:05:21 -Started ServiceApplication in 2.451 seconds (JVM running for 3.126)
2025-02-27 20:05:24 -Initializing Spring DispatcherServlet 'dispatcherServlet'
2025-02-27 20:05:24 -Initializing Servlet 'dispatcherServlet'
2025-02-27 20:05:24 -Completed initialization in 5 ms
2025-02-27 20:05:24 -HikariPool-1 - Starting...
2025-02-27 20:05:24 -HikariPool-1 - Start completed.
2025-02-27 20:06:06 -Shutting down ExecutorService 'applicationTaskExecutor'
2025-02-27 20:06:06 -HikariPool-1 - Shutdown initiated...
2025-02-27 20:06:06 -HikariPool-1 - Shutdown completed.
2025-02-27 20:06:11 -Starting ServiceApplication on LAPTOP-H0PN2NG1 with PID 16596 (F:\JavaProject\im-system\im-service\target\classes started by 张旭阳 in F:\JavaProject\im-system)
2025-02-27 20:06:11 -The following profiles are active: dev
2025-02-27 20:06:12 -Multiple Spring Data modules found, entering strict repository configuration mode!
2025-02-27 20:06:12 -Bootstrapping Spring Data Redis repositories in DEFAULT mode.
2025-02-27 20:06:12 -Finished Spring Data repository scanning in 13ms. Found 0 Redis repository interfaces.
2025-02-27 20:06:12 -Tomcat initialized with port(s): 8000 (http)
2025-02-27 20:06:12 -Initializing ProtocolHandler ["http-nio-8000"]
2025-02-27 20:06:12 -Starting service [Tomcat]
2025-02-27 20:06:12 -Starting Servlet engine: [Apache Tomcat/9.0.37]
2025-02-27 20:06:12 -Initializing Spring embedded WebApplicationContext
2025-02-27 20:06:12 -Root WebApplicationContext: initialization completed in 1162 ms
2025-02-27 20:06:13 -Starting ServiceApplication on LAPTOP-H0PN2NG1 with PID 29200 (F:\JavaProject\im-system\im-service\target\classes started by 张旭阳 in F:\JavaProject\im-system)
2025-02-27 20:06:13 -The following profiles are active: dev
2025-02-27 20:06:13 -Multiple Spring Data modules found, entering strict repository configuration mode!
2025-02-27 20:06:13 -Bootstrapping Spring Data Redis repositories in DEFAULT mode.
2025-02-27 20:06:13 -Finished Spring Data repository scanning in 6ms. Found 0 Redis repository interfaces.
2025-02-27 20:06:13 -Initializing ExecutorService 'applicationTaskExecutor'
2025-02-27 20:06:13 -Tomcat initialized with port(s): 8000 (http)
2025-02-27 20:06:13 -Initializing ProtocolHandler ["http-nio-8000"]
2025-02-27 20:06:13 -Starting service [Tomcat]
2025-02-27 20:06:13 -Starting Servlet engine: [Apache Tomcat/9.0.37]
2025-02-27 20:06:14 -Initializing Spring embedded WebApplicationContext
2025-02-27 20:06:14 -Root WebApplicationContext: initialization completed in 859 ms
2025-02-27 20:06:14 -Starting ProtocolHandler ["http-nio-8000"]
2025-02-27 20:06:14 -Tomcat started on port(s): 8000 (http) with context path ''
2025-02-27 20:06:14 -Started ServiceApplication in 3.21 seconds (JVM running for 3.908)
2025-02-27 20:06:15 -Shutting down ExecutorService 'applicationTaskExecutor'
2025-02-27 20:06:17 -Starting ServiceApplication on LAPTOP-H0PN2NG1 with PID 26744 (F:\JavaProject\im-system\im-service\target\classes started by 张旭阳 in F:\JavaProject\im-system)
2025-02-27 20:06:17 -The following profiles are active: dev
2025-02-27 20:06:18 -Multiple Spring Data modules found, entering strict repository configuration mode!
2025-02-27 20:06:18 -Bootstrapping Spring Data Redis repositories in DEFAULT mode.
2025-02-27 20:06:18 -Finished Spring Data repository scanning in 7ms. Found 0 Redis repository interfaces.
2025-02-27 20:06:18 -Tomcat initialized with port(s): 8000 (http)
2025-02-27 20:06:18 -Initializing ProtocolHandler ["http-nio-8000"]
2025-02-27 20:06:18 -Starting service [Tomcat]
2025-02-27 20:06:18 -Starting Servlet engine: [Apache Tomcat/9.0.37]
2025-02-27 20:06:18 -Initializing Spring embedded WebApplicationContext
2025-02-27 20:06:18 -Root WebApplicationContext: initialization completed in 860 ms
2025-02-27 20:06:19 -Initializing ExecutorService 'applicationTaskExecutor'
2025-02-27 20:06:20 -Starting ProtocolHandler ["http-nio-8000"]
2025-02-27 20:06:20 -Tomcat started on port(s): 8000 (http) with context path ''
2025-02-27 20:06:20 -Started ServiceApplication in 2.587 seconds (JVM running for 3.186)
2025-02-27 20:06:31 -Initializing Spring DispatcherServlet 'dispatcherServlet'
2025-02-27 20:06:31 -Initializing Servlet 'dispatcherServlet'
2025-02-27 20:06:31 -Completed initialization in 7 ms
2025-02-27 20:06:31 -HikariPool-1 - Starting...
2025-02-27 20:06:31 -HikariPool-1 - Start completed.
2025-02-27 20:08:32 -Shutting down ExecutorService 'applicationTaskExecutor'
2025-02-27 20:08:32 -HikariPool-1 - Shutdown initiated...
2025-02-27 20:08:32 -HikariPool-1 - Shutdown completed.
2025-02-27 20:08:37 -Starting ServiceApplication on LAPTOP-H0PN2NG1 with PID 17836 (F:\JavaProject\im-system\im-service\target\classes started by 张旭阳 in F:\JavaProject\im-system)
2025-02-27 20:08:37 -The following profiles are active: dev
2025-02-27 20:08:37 -Multiple Spring Data modules found, entering strict repository configuration mode!
2025-02-27 20:08:37 -Bootstrapping Spring Data Redis repositories in DEFAULT mode.
2025-02-27 20:08:37 -Finished Spring Data repository scanning in 7ms. Found 0 Redis repository interfaces.
2025-02-27 20:08:38 -Tomcat initialized with port(s): 8000 (http)
2025-02-27 20:08:38 -Initializing ProtocolHandler ["http-nio-8000"]
2025-02-27 20:08:38 -Starting service [Tomcat]
2025-02-27 20:08:38 -Starting Servlet engine: [Apache Tomcat/9.0.37]
2025-02-27 20:08:38 -Initializing Spring embedded WebApplicationContext
2025-02-27 20:08:38 -Root WebApplicationContext: initialization completed in 947 ms
2025-02-27 20:08:39 -Initializing ExecutorService 'applicationTaskExecutor'
2025-02-27 20:08:39 -Starting ProtocolHandler ["http-nio-8000"]
2025-02-27 20:08:39 -Tomcat started on port(s): 8000 (http) with context path ''
2025-02-27 20:08:39 -Started ServiceApplication in 2.908 seconds (JVM running for 3.703)
2025-02-27 20:08:50 -Initializing Spring DispatcherServlet 'dispatcherServlet'
2025-02-27 20:08:50 -Initializing Servlet 'dispatcherServlet'
2025-02-27 20:08:50 -Completed initialization in 6 ms
2025-02-27 20:08:50 -HikariPool-1 - Starting...
2025-02-27 20:08:50 -HikariPool-1 - Start completed.
2025-02-27 20:10:44 -Shutting down ExecutorService 'applicationTaskExecutor'
2025-02-27 20:10:44 -HikariPool-1 - Shutdown initiated...
2025-02-27 20:10:44 -HikariPool-1 - Shutdown completed.
2025-02-27 20:10:49 -Starting ServiceApplication on LAPTOP-H0PN2NG1 with PID 26756 (F:\JavaProject\im-system\im-service\target\classes started by 张旭阳 in F:\JavaProject\im-system)
2025-02-27 20:10:49 -The following profiles are active: dev
2025-02-27 20:10:50 -Multiple Spring Data modules found, entering strict repository configuration mode!
2025-02-27 20:10:50 -Bootstrapping Spring Data Redis repositories in DEFAULT mode.
2025-02-27 20:10:50 -Finished Spring Data repository scanning in 7ms. Found 0 Redis repository interfaces.
2025-02-27 20:10:50 -Tomcat initialized with port(s): 8000 (http)
2025-02-27 20:10:50 -Initializing ProtocolHandler ["http-nio-8000"]
2025-02-27 20:10:50 -Starting service [Tomcat]
2025-02-27 20:10:50 -Starting Servlet engine: [Apache Tomcat/9.0.37]
2025-02-27 20:10:50 -Initializing Spring embedded WebApplicationContext
2025-02-27 20:10:50 -Root WebApplicationContext: initialization completed in 879 ms
2025-02-27 20:10:51 -Initializing ExecutorService 'applicationTaskExecutor'
2025-02-27 20:10:51 -Starting ProtocolHandler ["http-nio-8000"]
2025-02-27 20:10:51 -Tomcat started on port(s): 8000 (http) with context path ''
2025-02-27 20:10:51 -Started ServiceApplication in 2.602 seconds (JVM running for 3.269)
2025-02-27 20:10:54 -Initializing Spring DispatcherServlet 'dispatcherServlet'
2025-02-27 20:10:54 -Initializing Servlet 'dispatcherServlet'
2025-02-27 20:10:54 -Completed initialization in 4 ms
2025-02-27 20:10:55 -HikariPool-1 - Starting...
2025-02-27 20:10:55 -HikariPool-1 - Start completed.
2025-02-27 20:11:46 -Shutting down ExecutorService 'applicationTaskExecutor'
2025-02-27 20:11:46 -HikariPool-1 - Shutdown initiated...
2025-02-27 20:11:46 -HikariPool-1 - Shutdown completed.
2025-02-27 20:11:51 -Starting ServiceApplication on LAPTOP-H0PN2NG1 with PID 34824 (F:\JavaProject\im-system\im-service\target\classes started by 张旭阳 in F:\JavaProject\im-system)
2025-02-27 20:11:51 -The following profiles are active: dev
2025-02-27 20:11:52 -Multiple Spring Data modules found, entering strict repository configuration mode!
2025-02-27 20:11:52 -Bootstrapping Spring Data Redis repositories in DEFAULT mode.
2025-02-27 20:11:52 -Finished Spring Data repository scanning in 7ms. Found 0 Redis repository interfaces.
2025-02-27 20:11:52 -Tomcat initialized with port(s): 8000 (http)
2025-02-27 20:11:52 -Initializing ProtocolHandler ["http-nio-8000"]
2025-02-27 20:11:52 -Starting service [Tomcat]
2025-02-27 20:11:52 -Starting Servlet engine: [Apache Tomcat/9.0.37]
2025-02-27 20:11:52 -Initializing Spring embedded WebApplicationContext
2025-02-27 20:11:52 -Root WebApplicationContext: initialization completed in 861 ms
2025-02-27 20:11:53 -Initializing ExecutorService 'applicationTaskExecutor'
2025-02-27 20:11:54 -Starting ProtocolHandler ["http-nio-8000"]
2025-02-27 20:11:54 -Tomcat started on port(s): 8000 (http) with context path ''
2025-02-27 20:11:54 -Started ServiceApplication in 2.662 seconds (JVM running for 3.299)
2025-02-27 20:11:57 -Initializing Spring DispatcherServlet 'dispatcherServlet'
2025-02-27 20:11:57 -Initializing Servlet 'dispatcherServlet'
2025-02-27 20:11:57 -Completed initialization in 5 ms
2025-02-27 20:11:57 -HikariPool-1 - Starting...
2025-02-27 20:11:57 -HikariPool-1 - Start completed.
2025-02-27 20:13:01 -Shutting down ExecutorService 'applicationTaskExecutor'
2025-02-27 20:13:01 -HikariPool-1 - Shutdown initiated...
2025-02-27 20:13:01 -HikariPool-1 - Shutdown completed.
2025-02-27 20:13:07 -Starting ServiceApplication on LAPTOP-H0PN2NG1 with PID 22436 (F:\JavaProject\im-system\im-service\target\classes started by 张旭阳 in F:\JavaProject\im-system)
2025-02-27 20:13:07 -The following profiles are active: dev
2025-02-27 20:13:07 -Multiple Spring Data modules found, entering strict repository configuration mode!
2025-02-27 20:13:07 -Bootstrapping Spring Data Redis repositories in DEFAULT mode.
2025-02-27 20:13:07 -Finished Spring Data repository scanning in 6ms. Found 0 Redis repository interfaces.
2025-02-27 20:13:08 -Tomcat initialized with port(s): 8000 (http)
2025-02-27 20:13:08 -Initializing ProtocolHandler ["http-nio-8000"]
2025-02-27 20:13:08 -Starting service [Tomcat]
2025-02-27 20:13:08 -Starting Servlet engine: [Apache Tomcat/9.0.37]
2025-02-27 20:13:08 -Initializing Spring embedded WebApplicationContext
2025-02-27 20:13:08 -Root WebApplicationContext: initialization completed in 985 ms
2025-02-27 20:13:08 -Initializing ExecutorService 'applicationTaskExecutor'
2025-02-27 20:13:09 -Starting ProtocolHandler ["http-nio-8000"]
2025-02-27 20:13:09 -Tomcat started on port(s): 8000 (http) with context path ''
2025-02-27 20:13:09 -Started ServiceApplication in 2.784 seconds (JVM running for 3.386)
2025-02-27 20:13:15 -Initializing Spring DispatcherServlet 'dispatcherServlet'
2025-02-27 20:13:15 -Initializing Servlet 'dispatcherServlet'
2025-02-27 20:13:15 -Completed initialization in 7 ms
2025-02-27 20:13:15 -HikariPool-1 - Starting...
2025-02-27 20:13:15 -HikariPool-1 - Start completed.
2025-02-27 20:14:38 -Shutting down ExecutorService 'applicationTaskExecutor'
2025-02-27 20:14:38 -HikariPool-1 - Shutdown initiated...
2025-02-27 20:14:38 -HikariPool-1 - Shutdown completed.
2025-02-27 20:14:43 -Starting ServiceApplication on LAPTOP-H0PN2NG1 with PID 3648 (F:\JavaProject\im-system\im-service\target\classes started by 张旭阳 in F:\JavaProject\im-system)
2025-02-27 20:14:43 -The following profiles are active: dev
2025-02-27 20:14:44 -Multiple Spring Data modules found, entering strict repository configuration mode!
2025-02-27 20:14:44 -Bootstrapping Spring Data Redis repositories in DEFAULT mode.
2025-02-27 20:14:44 -Finished Spring Data repository scanning in 6ms. Found 0 Redis repository interfaces.
2025-02-27 20:14:44 -Tomcat initialized with port(s): 8000 (http)
2025-02-27 20:14:44 -Initializing ProtocolHandler ["http-nio-8000"]
2025-02-27 20:14:44 -Starting service [Tomcat]
2025-02-27 20:14:44 -Starting Servlet engine: [Apache Tomcat/9.0.37]
2025-02-27 20:14:44 -Initializing Spring embedded WebApplicationContext
2025-02-27 20:14:44 -Root WebApplicationContext: initialization completed in 902 ms
2025-02-27 20:14:45 -Initializing ExecutorService 'applicationTaskExecutor'
2025-02-27 20:14:46 -Starting ProtocolHandler ["http-nio-8000"]
2025-02-27 20:14:46 -Tomcat started on port(s): 8000 (http) with context path ''
2025-02-27 20:14:46 -Started ServiceApplication in 2.695 seconds (JVM running for 3.321)
2025-02-27 20:14:53 -Initializing Spring DispatcherServlet 'dispatcherServlet'
2025-02-27 20:14:53 -Initializing Servlet 'dispatcherServlet'
2025-02-27 20:14:53 -Completed initialization in 7 ms
2025-02-27 20:14:53 -HikariPool-1 - Starting...
2025-02-27 20:14:53 -HikariPool-1 - Start completed.
2025-02-27 20:15:10 -Shutting down ExecutorService 'applicationTaskExecutor'
2025-02-27 20:15:10 -HikariPool-1 - Shutdown initiated...
2025-02-27 20:15:10 -HikariPool-1 - Shutdown completed.
2025-02-27 20:15:15 -Starting ServiceApplication on LAPTOP-H0PN2NG1 with PID 8504 (F:\JavaProject\im-system\im-service\target\classes started by 张旭阳 in F:\JavaProject\im-system)
2025-02-27 20:15:15 -The following profiles are active: dev
2025-02-27 20:15:15 -Multiple Spring Data modules found, entering strict repository configuration mode!
2025-02-27 20:15:15 -Bootstrapping Spring Data Redis repositories in DEFAULT mode.
2025-02-27 20:15:15 -Finished Spring Data repository scanning in 6ms. Found 0 Redis repository interfaces.
2025-02-27 20:15:16 -Tomcat initialized with port(s): 8000 (http)
2025-02-27 20:15:16 -Initializing ProtocolHandler ["http-nio-8000"]
2025-02-27 20:15:16 -Starting service [Tomcat]
2025-02-27 20:15:16 -Starting Servlet engine: [Apache Tomcat/9.0.37]
2025-02-27 20:15:16 -Initializing Spring embedded WebApplicationContext
2025-02-27 20:15:16 -Root WebApplicationContext: initialization completed in 872 ms
2025-02-27 20:15:17 -Initializing ExecutorService 'applicationTaskExecutor'
2025-02-27 20:15:17 -Starting ProtocolHandler ["http-nio-8000"]
2025-02-27 20:15:17 -Tomcat started on port(s): 8000 (http) with context path ''
2025-02-27 20:15:17 -Started ServiceApplication in 2.649 seconds (JVM running for 3.257)
2025-02-27 20:15:20 -Initializing Spring DispatcherServlet 'dispatcherServlet'
2025-02-27 20:15:20 -Initializing Servlet 'dispatcherServlet'
2025-02-27 20:15:20 -Completed initialization in 5 ms
2025-02-27 20:15:20 -HikariPool-1 - Starting...
2025-02-27 20:15:20 -HikariPool-1 - Start completed.
2025-02-27 20:16:17 -Shutting down ExecutorService 'applicationTaskExecutor'
2025-02-27 20:16:17 -HikariPool-1 - Shutdown initiated...
2025-02-27 20:16:17 -HikariPool-1 - Shutdown completed.
